03-Oct-2021 16:25:40.820 INFO [main] org.apache.catalina.startup.VersionLoggerListener.log Nombre de la versión del servidor: Apache Tomcat/10.0.11
03-Oct-2021 16:25:40.827 INFO [main] org.apache.catalina.startup.VersionLoggerListener.log Server built:                      Sep 6 2021 16:22:12 UTC
03-Oct-2021 16:25:40.829 INFO [main] org.apache.catalina.startup.VersionLoggerListener.log Número de versión de servidor:     10.0.11.0
03-Oct-2021 16:25:40.829 INFO [main] org.apache.catalina.startup.VersionLoggerListener.log OS Name:                           Windows 10
03-Oct-2021 16:25:40.830 INFO [main] org.apache.catalina.startup.VersionLoggerListener.log Versión de Systema Operativo:      10.0
03-Oct-2021 16:25:40.830 INFO [main] org.apache.catalina.startup.VersionLoggerListener.log Arquitectura:                      amd64
03-Oct-2021 16:25:40.830 INFO [main] org.apache.catalina.startup.VersionLoggerListener.log Java Home:                         C:\Program Files\Java\jdk-11.0.11
03-Oct-2021 16:25:40.830 INFO [main] org.apache.catalina.startup.VersionLoggerListener.log JVM Version:                       11.0.11+9-LTS-194
03-Oct-2021 16:25:40.830 INFO [main] org.apache.catalina.startup.VersionLoggerListener.log Vededor JVM:                       Oracle Corporation
03-Oct-2021 16:25:40.830 INFO [main] org.apache.catalina.startup.VersionLoggerListener.log CATALINA_BASE:                     D:\Documents\MATERIALES\Material Virtual\MinTic\EasyParking-Mintic\apache-tomcat-10.0.11\apache-tomcat-10.0.11
03-Oct-2021 16:25:40.831 INFO [main] org.apache.catalina.startup.VersionLoggerListener.log CATALINA_HOME:                     D:\Documents\MATERIALES\Material Virtual\MinTic\EasyParking-Mintic\apache-tomcat-10.0.11\apache-tomcat-10.0.11
03-Oct-2021 16:25:40.872 INFO [main] org.apache.catalina.startup.VersionLoggerListener.log Command line argument:             --add-opens=java.base/java.lang=ALL-UNNAMED
03-Oct-2021 16:25:40.873 INFO [main] org.apache.catalina.startup.VersionLoggerListener.log Command line argument:             --add-opens=java.base/java.io=ALL-UNNAMED
03-Oct-2021 16:25:40.873 INFO [main] org.apache.catalina.startup.VersionLoggerListener.log Command line argument:             --add-opens=java.base/java.util=ALL-UNNAMED
03-Oct-2021 16:25:40.874 INFO [main] org.apache.catalina.startup.VersionLoggerListener.log Command line argument:             --add-opens=java.base/java.util.concurrent=ALL-UNNAMED
03-Oct-2021 16:25:40.874 INFO [main] org.apache.catalina.startup.VersionLoggerListener.log Command line argument:             --add-opens=java.rmi/sun.rmi.transport=ALL-UNNAMED
03-Oct-2021 16:25:40.875 INFO [main] org.apache.catalina.startup.VersionLoggerListener.log Command line argument:             -Djava.util.logging.config.file=D:\Documents\MATERIALES\Material Virtual\MinTic\EasyParking-Mintic\apache-tomcat-10.0.11\apache-tomcat-10.0.11\conf\logging.properties
03-Oct-2021 16:25:40.875 INFO [main] org.apache.catalina.startup.VersionLoggerListener.log Command line argument:             -Djava.util.logging.manager=org.apache.juli.ClassLoaderLogManager
03-Oct-2021 16:25:40.875 INFO [main] org.apache.catalina.startup.VersionLoggerListener.log Command line argument:             -Dhttp.nonProxyHosts=localhost|127.0.0.1|CRISTIAN-PC
03-Oct-2021 16:25:40.875 INFO [main] org.apache.catalina.startup.VersionLoggerListener.log Command line argument:             -Djdk.tls.ephemeralDHKeySize=2048
03-Oct-2021 16:25:40.875 INFO [main] org.apache.catalina.startup.VersionLoggerListener.log Command line argument:             -Djava.protocol.handler.pkgs=org.apache.catalina.webresources
03-Oct-2021 16:25:40.875 INFO [main] org.apache.catalina.startup.VersionLoggerListener.log Command line argument:             -Dignore.endorsed.dirs=
03-Oct-2021 16:25:40.876 INFO [main] org.apache.catalina.startup.VersionLoggerListener.log Command line argument:             -Dcatalina.base=D:\Documents\MATERIALES\Material Virtual\MinTic\EasyParking-Mintic\apache-tomcat-10.0.11\apache-tomcat-10.0.11
03-Oct-2021 16:25:40.876 INFO [main] org.apache.catalina.startup.VersionLoggerListener.log Command line argument:             -Dcatalina.home=D:\Documents\MATERIALES\Material Virtual\MinTic\EasyParking-Mintic\apache-tomcat-10.0.11\apache-tomcat-10.0.11
03-Oct-2021 16:25:40.938 INFO [main] org.apache.catalina.startup.VersionLoggerListener.log Command line argument:             -Djava.io.tmpdir=D:\Documents\MATERIALES\Material Virtual\MinTic\EasyParking-Mintic\apache-tomcat-10.0.11\apache-tomcat-10.0.11\temp
03-Oct-2021 16:25:40.970 INFO [main] org.apache.catalina.core.AprLifecycleListener.lifecycleEvent La biblioteca nativa de Apache Tomcat basada en ARP que permite un rendimiento óptimo en entornos de desarrollo no ha sido hallada en java.library.path: [C:\Program Files\Java\jdk-11.0.11\bin;C:\WINDOWS\Sun\Java\bin;C:\WINDOWS\system32;C:\WINDOWS;C:\Program Files (x86)\Common Files\Oracle\Java\javapath;C:\Program Files\Common Files\Oracle\Java\javapath;C:\ProgramData\Oracle\Java\javapath;C:\Oracle\dbhomeXE\bin;C:\WINDOWS\system32;C:\WINDOWS;C:\WINDOWS\System32\Wbem;C:\WINDOWS\System32\WindowsPowerShell\v1.0\;C:\WINDOWS\System32\OpenSSH\;C:\Program Files\MongoDB\Server\5.0\bin;C:\Program Files\nodejs\;C:\Program Files\Sqlite;C:\Program Files\Git\cmd;C:\Program Files\MySQL\MySQL Shell 8.0\bin\;C:\Users\Crist\AppData\Local\Programs\Python\Python39\Scripts\;C:\Users\Crist\AppData\Local\Programs\Python\Python39\;C:\Users\Crist\AppData\Local\Microsoft\WindowsApps;;C:\Users\Crist\AppData\Local\Programs\Microsoft VS Code\bin;C:\Program Files\JetBrains\PyCharm Community Edition 2021.2.1\bin;;C:\Program Files\JetBrains\IntelliJ IDEA Community Edition 2021.1.2\bin;;C:\Users\Crist\AppData\Roaming\npm;.]
03-Oct-2021 16:25:42.354 INFO [main] org.apache.coyote.AbstractProtocol.init Inicializando el manejador de protocolo ["http-nio-8080"]

03-Oct-2021 16:25:42.485 INFO [main] org.apache.catalina.startup.Catalina.load Server initialization in [2221] milliseconds
03-Oct-2021 16:25:42.743 INFO [main] org.apache.catalina.core.StandardService.startInternal Arrancando servicio [Catalina]
03-Oct-2021 16:25:42.744 INFO [main] org.apache.catalina.core.StandardEngine.startInternal Starting Servlet engine: [Apache Tomcat/10.0.11]
03-Oct-2021 16:25:42.759 INFO [main] org.apache.catalina.startup.HostConfig.deployDirectory Desplegando el directorio [D:\Documents\MATERIALES\Material Virtual\MinTic\EasyParking-Mintic\apache-tomcat-10.0.11\apache-tomcat-10.0.11\webapps\docs] de la aplicación web
03-Oct-2021 16:25:44.218 WARNING [main] org.apache.catalina.util.SessionIdGeneratorBase.createSecureRandom Creation of SecureRandom instance for session ID generation using [SHA1PRNG] took [408] milliseconds.
03-Oct-2021 16:25:44.329 INFO [main] org.apache.catalina.startup.HostConfig.deployDirectory Deployment of web application directory [D:\Documents\MATERIALES\Material Virtual\MinTic\EasyParking-Mintic\apache-tomcat-10.0.11\apache-tomcat-10.0.11\webapps\docs] has finished in [1.570] ms
03-Oct-2021 16:25:44.329 INFO [main] org.apache.catalina.startup.HostConfig.deployDirectory Desplegando el directorio [D:\Documents\MATERIALES\Material Virtual\MinTic\EasyParking-Mintic\apache-tomcat-10.0.11\apache-tomcat-10.0.11\webapps\examples] de la aplicación web
03-Oct-2021 16:25:46.116 INFO [main] org.apache.catalina.startup.HostConfig.deployDirectory Deployment of web application directory [D:\Documents\MATERIALES\Material Virtual\MinTic\EasyParking-Mintic\apache-tomcat-10.0.11\apache-tomcat-10.0.11\webapps\examples] has finished in [1.787] ms
03-Oct-2021 16:25:46.117 INFO [main] org.apache.catalina.startup.HostConfig.deployDirectory Desplegando el directorio [D:\Documents\MATERIALES\Material Virtual\MinTic\EasyParking-Mintic\apache-tomcat-10.0.11\apache-tomcat-10.0.11\webapps\host-manager] de la aplicación web
03-Oct-2021 16:25:46.211 INFO [main] org.apache.catalina.startup.HostConfig.deployDirectory Deployment of web application directory [D:\Documents\MATERIALES\Material Virtual\MinTic\EasyParking-Mintic\apache-tomcat-10.0.11\apache-tomcat-10.0.11\webapps\host-manager] has finished in [95] ms
03-Oct-2021 16:25:46.211 INFO [main] org.apache.catalina.startup.HostConfig.deployDirectory Desplegando el directorio [D:\Documents\MATERIALES\Material Virtual\MinTic\EasyParking-Mintic\apache-tomcat-10.0.11\apache-tomcat-10.0.11\webapps\manager] de la aplicación web
03-Oct-2021 16:25:46.326 INFO [main] org.apache.catalina.startup.HostConfig.deployDirectory Deployment of web application directory [D:\Documents\MATERIALES\Material Virtual\MinTic\EasyParking-Mintic\apache-tomcat-10.0.11\apache-tomcat-10.0.11\webapps\manager] has finished in [115] ms
03-Oct-2021 16:25:46.327 INFO [main] org.apache.catalina.startup.HostConfig.deployDirectory Desplegando el directorio [D:\Documents\MATERIALES\Material Virtual\MinTic\EasyParking-Mintic\apache-tomcat-10.0.11\apache-tomcat-10.0.11\webapps\ROOT] de la aplicación web
03-Oct-2021 16:25:46.365 INFO [main] org.apache.catalina.startup.HostConfig.deployDirectory Deployment of web application directory [D:\Documents\MATERIALES\Material Virtual\MinTic\EasyParking-Mintic\apache-tomcat-10.0.11\apache-tomcat-10.0.11\webapps\ROOT] has finished in [38] ms
03-Oct-2021 16:25:46.371 INFO [main] org.apache.coyote.AbstractProtocol.start Starting ProtocolHandler ["http-nio-8080"]
03-Oct-2021 16:25:46.672 INFO [main] org.apache.catalina.startup.Catalina.start Server startup in [4186] milliseconds
03-Oct-2021 16:25:51.037 INFO [http-nio-8080-exec-9] org.apache.catalina.startup.HostConfig.undeploy Repliegue (undeploy) de la aplicación web que tiene como trayectoria de contexto []
03-Oct-2021 16:25:51.109 INFO [http-nio-8080-exec-4] org.apache.catalina.startup.HostConfig.deployDescriptor Desplieque del descriptor de configuración [D:\Documents\MATERIALES\Material Virtual\MinTic\EasyParking-Mintic\apache-tomcat-10.0.11\apache-tomcat-10.0.11\conf\Catalina\localhost\ROOT.xml]
03-Oct-2021 16:25:51.114 WARNING [http-nio-8080-exec-4] org.apache.catalina.startup.HostConfig.deployDescriptor The path attribute with value [] in deployment descriptor [D:\Documents\MATERIALES\Material Virtual\MinTic\EasyParking-Mintic\apache-tomcat-10.0.11\apache-tomcat-10.0.11\conf\Catalina\localhost\ROOT.xml] has been ignored
03-Oct-2021 16:25:53.614 INFO [http-nio-8080-exec-4] org.apache.jasper.servlet.TldScanner.scanJars Al menos un JAR, que se ha explorado buscando TLDs, aún no contenía TLDs. Activar historial de depuración para este historiador para una completa lista de los JARs que fueron explorados y de los que nos se halló TLDs. Saltarse JARs no necesarios durante la exploración puede dar lugar a una mejora de tiempo significativa en el arranque y compilación de JSP .
03-Oct-2021 16:25:53.624 INFO [http-nio-8080-exec-4] org.apache.catalina.startup.HostConfig.deployDescriptor Deployment of deployment descriptor [D:\Documents\MATERIALES\Material Virtual\MinTic\EasyParking-Mintic\apache-tomcat-10.0.11\apache-tomcat-10.0.11\conf\Catalina\localhost\ROOT.xml] has finished in [2.515] ms
03-Oct-2021 16:25:53.656 INFO [http-nio-8080-exec-5] org.apache.catalina.util.LifecycleBase.start The start() method was called on component [StandardEngine[Catalina].StandardHost[localhost].StandardContext[]] after start() had already been called. The second call will be ignored.
03-Oct-2021 16:27:45.086 INFO [http-nio-8080-exec-17] org.apache.catalina.startup.HostConfig.undeploy Repliegue (undeploy) de la aplicación web que tiene como trayectoria de contexto []
03-Oct-2021 16:27:45.145 INFO [http-nio-8080-exec-11] org.apache.catalina.startup.HostConfig.deployDescriptor Desplieque del descriptor de configuración [D:\Documents\MATERIALES\Material Virtual\MinTic\EasyParking-Mintic\apache-tomcat-10.0.11\apache-tomcat-10.0.11\conf\Catalina\localhost\ROOT.xml]
03-Oct-2021 16:27:45.151 WARNING [http-nio-8080-exec-11] org.apache.catalina.startup.HostConfig.deployDescriptor The path attribute with value [] in deployment descriptor [D:\Documents\MATERIALES\Material Virtual\MinTic\EasyParking-Mintic\apache-tomcat-10.0.11\apache-tomcat-10.0.11\conf\Catalina\localhost\ROOT.xml] has been ignored
03-Oct-2021 16:27:45.843 INFO [http-nio-8080-exec-11] org.apache.jasper.servlet.TldScanner.scanJars Al menos un JAR, que se ha explorado buscando TLDs, aún no contenía TLDs. Activar historial de depuración para este historiador para una completa lista de los JARs que fueron explorados y de los que nos se halló TLDs. Saltarse JARs no necesarios durante la exploración puede dar lugar a una mejora de tiempo significativa en el arranque y compilación de JSP .
03-Oct-2021 16:27:45.846 INFO [http-nio-8080-exec-11] org.apache.catalina.startup.HostConfig.deployDescriptor Deployment of deployment descriptor [D:\Documents\MATERIALES\Material Virtual\MinTic\EasyParking-Mintic\apache-tomcat-10.0.11\apache-tomcat-10.0.11\conf\Catalina\localhost\ROOT.xml] has finished in [702] ms
03-Oct-2021 16:27:45.850 INFO [http-nio-8080-exec-14] org.apache.catalina.util.LifecycleBase.start The start() method was called on component [StandardEngine[Catalina].StandardHost[localhost].StandardContext[]] after start() had already been called. The second call will be ignored.
03-Oct-2021 16:56:33.971 WARNING [http-nio-8080-exec-20] org.apache.catalina.loader.WebappClassLoaderBase.clearReferencesJdbc La aplicación web [ROOT] registró el conductor JDBC [com.mysql.cj.jdbc.Driver] pero falló al anular el registro mientras la aplicación web estaba parada. Para prevenir un fallo de memoria, se ha anulado el registro del conductor JDBC por la fuerza.
03-Oct-2021 16:56:33.973 WARNING [http-nio-8080-exec-20] org.apache.catalina.loader.WebappClassLoaderBase.clearReferencesThreads The web application [ROOT] appears to have started a thread named [mysql-cj-abandoned-connection-cleanup] but has failed to stop it. This is very likely to create a memory leak. Stack trace of thread:
 java.base@11.0.11/java.lang.Object.wait(Native Method)
 java.base@11.0.11/java.lang.ref.ReferenceQueue.remove(ReferenceQueue.java:155)
 com.mysql.cj.jdbc.AbandonedConnectionCleanupThread.run(AbandonedConnectionCleanupThread.java:91)
 java.base@11.0.11/java.util.concurrent.ThreadPoolExecutor.runWorker(ThreadPoolExecutor.java:1128)
 java.base@11.0.11/java.util.concurrent.ThreadPoolExecutor$Worker.run(ThreadPoolExecutor.java:628)
 java.base@11.0.11/java.lang.Thread.run(Thread.java:834)
03-Oct-2021 16:56:34.493 INFO [http-nio-8080-exec-20] org.apache.catalina.startup.HostConfig.undeploy Repliegue (undeploy) de la aplicación web que tiene como trayectoria de contexto []
03-Oct-2021 16:56:34.557 INFO [http-nio-8080-exec-19] org.apache.catalina.startup.HostConfig.deployDescriptor Desplieque del descriptor de configuración [D:\Documents\MATERIALES\Material Virtual\MinTic\EasyParking-Mintic\apache-tomcat-10.0.11\apache-tomcat-10.0.11\conf\Catalina\localhost\ROOT.xml]
03-Oct-2021 16:56:34.559 WARNING [http-nio-8080-exec-19] org.apache.catalina.startup.HostConfig.deployDescriptor The path attribute with value [] in deployment descriptor [D:\Documents\MATERIALES\Material Virtual\MinTic\EasyParking-Mintic\apache-tomcat-10.0.11\apache-tomcat-10.0.11\conf\Catalina\localhost\ROOT.xml] has been ignored
03-Oct-2021 16:56:35.255 INFO [http-nio-8080-exec-19] org.apache.jasper.servlet.TldScanner.scanJars Al menos un JAR, que se ha explorado buscando TLDs, aún no contenía TLDs. Activar historial de depuración para este historiador para una completa lista de los JARs que fueron explorados y de los que nos se halló TLDs. Saltarse JARs no necesarios durante la exploración puede dar lugar a una mejora de tiempo significativa en el arranque y compilación de JSP .
03-Oct-2021 16:56:35.259 INFO [http-nio-8080-exec-19] org.apache.catalina.startup.HostConfig.deployDescriptor Deployment of deployment descriptor [D:\Documents\MATERIALES\Material Virtual\MinTic\EasyParking-Mintic\apache-tomcat-10.0.11\apache-tomcat-10.0.11\conf\Catalina\localhost\ROOT.xml] has finished in [702] ms
03-Oct-2021 16:56:35.269 INFO [http-nio-8080-exec-23] org.apache.catalina.util.LifecycleBase.start The start() method was called on component [StandardEngine[Catalina].StandardHost[localhost].StandardContext[]] after start() had already been called. The second call will be ignored.
03-Oct-2021 16:56:37.019 INFO [mysql-cj-abandoned-connection-cleanup] org.apache.catalina.loader.WebappClassLoaderBase.checkStateForResourceLoading Acceso ilegal: esta instancia de aplicación web ya ha sido parada.  Could not load [].  La eventual traza de pila que sigue ha sido motivada por un error lanzado con motivos de depuración así como para intentar terminar el hilo que motivó el acceso ilegal y no tiene impacto funcional.
	java.lang.IllegalStateException: Acceso ilegal: esta instancia de aplicación web ya ha sido parada.  Could not load [].  La eventual traza de pila que sigue ha sido motivada por un error lanzado con motivos de depuración así como para intentar terminar el hilo que motivó el acceso ilegal y no tiene impacto funcional.
		at org.apache.catalina.loader.WebappClassLoaderBase.checkStateForResourceLoading(WebappClassLoaderBase.java:1464)
		at org.apache.catalina.loader.WebappClassLoaderBase.getResource(WebappClassLoaderBase.java:1054)
		at com.mysql.cj.jdbc.AbandonedConnectionCleanupThread.checkThreadContextClassLoader(AbandonedConnectionCleanupThread.java:123)
		at com.mysql.cj.jdbc.AbandonedConnectionCleanupThread.run(AbandonedConnectionCleanupThread.java:90)
		at java.base/java.util.concurrent.ThreadPoolExecutor.runWorker(ThreadPoolExecutor.java:1128)
		at java.base/java.util.concurrent.ThreadPoolExecutor$Worker.run(ThreadPoolExecutor.java:628)
		at java.base/java.lang.Thread.run(Thread.java:834)
03-Oct-2021 19:22:31.508 INFO [main] org.apache.catalina.core.StandardServer.await Se ha recibido un comando de apagado a través del puerto de apagado. Parando la instancia del Servidor.
03-Oct-2021 19:22:31.509 INFO [main] org.apache.coyote.AbstractProtocol.pause Pausing ProtocolHandler ["http-nio-8080"]
03-Oct-2021 19:22:31.832 INFO [main] org.apache.catalina.core.StandardService.stopInternal Parando servicio [Catalina]
03-Oct-2021 19:22:31.852 WARNING [main] org.apache.catalina.loader.WebappClassLoaderBase.clearReferencesJdbc La aplicación web [ROOT] registró el conductor JDBC [com.mysql.cj.jdbc.Driver] pero falló al anular el registro mientras la aplicación web estaba parada. Para prevenir un fallo de memoria, se ha anulado el registro del conductor JDBC por la fuerza.
03-Oct-2021 19:22:31.853 WARNING [main] org.apache.catalina.loader.WebappClassLoaderBase.clearReferencesThreads The web application [ROOT] appears to have started a thread named [mysql-cj-abandoned-connection-cleanup] but has failed to stop it. This is very likely to create a memory leak. Stack trace of thread:
 java.base@11.0.11/java.lang.Object.wait(Native Method)
 java.base@11.0.11/java.lang.ref.ReferenceQueue.remove(ReferenceQueue.java:155)
 com.mysql.cj.jdbc.AbandonedConnectionCleanupThread.run(AbandonedConnectionCleanupThread.java:91)
 java.base@11.0.11/java.util.concurrent.ThreadPoolExecutor.runWorker(ThreadPoolExecutor.java:1128)
 java.base@11.0.11/java.util.concurrent.ThreadPoolExecutor$Worker.run(ThreadPoolExecutor.java:628)
 java.base@11.0.11/java.lang.Thread.run(Thread.java:834)
03-Oct-2021 19:22:31.891 INFO [main] org.apache.coyote.AbstractProtocol.stop Stopping ProtocolHandler ["http-nio-8080"]
03-Oct-2021 19:22:31.932 INFO [main] org.apache.coyote.AbstractProtocol.destroy Destroying ProtocolHandler ["http-nio-8080"]
