24-Sep-2021 10:48:54.178 INFO [main] org.apache.catalina.startup.VersionLoggerListener.log Nombre de la versión del servidor: Apache Tomcat/10.0.11
24-Sep-2021 10:48:54.185 INFO [main] org.apache.catalina.startup.VersionLoggerListener.log Server built:                      Sep 6 2021 16:22:12 UTC
24-Sep-2021 10:48:54.190 INFO [main] org.apache.catalina.startup.VersionLoggerListener.log Número de versión de servidor:     10.0.11.0
24-Sep-2021 10:48:54.190 INFO [main] org.apache.catalina.startup.VersionLoggerListener.log OS Name:                           Windows 10
24-Sep-2021 10:48:54.191 INFO [main] org.apache.catalina.startup.VersionLoggerListener.log Versión de Systema Operativo:      10.0
24-Sep-2021 10:48:54.191 INFO [main] org.apache.catalina.startup.VersionLoggerListener.log Arquitectura:                      amd64
24-Sep-2021 10:48:54.191 INFO [main] org.apache.catalina.startup.VersionLoggerListener.log Java Home:                         C:\Program Files\Java\jdk-11.0.11
24-Sep-2021 10:48:54.191 INFO [main] org.apache.catalina.startup.VersionLoggerListener.log JVM Version:                       11.0.11+9-LTS-194
24-Sep-2021 10:48:54.191 INFO [main] org.apache.catalina.startup.VersionLoggerListener.log Vededor JVM:                       Oracle Corporation
24-Sep-2021 10:48:54.192 INFO [main] org.apache.catalina.startup.VersionLoggerListener.log CATALINA_BASE:                     D:\Documents\MATERIALES\Material Virtual\MinTic\EasyParking-Mintic\apache-tomcat-10.0.11\apache-tomcat-10.0.11
24-Sep-2021 10:48:54.192 INFO [main] org.apache.catalina.startup.VersionLoggerListener.log CATALINA_HOME:                     D:\Documents\MATERIALES\Material Virtual\MinTic\EasyParking-Mintic\apache-tomcat-10.0.11\apache-tomcat-10.0.11
24-Sep-2021 10:48:54.232 INFO [main] org.apache.catalina.startup.VersionLoggerListener.log Command line argument:             --add-opens=java.base/java.lang=ALL-UNNAMED
24-Sep-2021 10:48:54.232 INFO [main] org.apache.catalina.startup.VersionLoggerListener.log Command line argument:             --add-opens=java.base/java.io=ALL-UNNAMED
24-Sep-2021 10:48:54.232 INFO [main] org.apache.catalina.startup.VersionLoggerListener.log Command line argument:             --add-opens=java.base/java.util=ALL-UNNAMED
24-Sep-2021 10:48:54.233 INFO [main] org.apache.catalina.startup.VersionLoggerListener.log Command line argument:             --add-opens=java.base/java.util.concurrent=ALL-UNNAMED
24-Sep-2021 10:48:54.233 INFO [main] org.apache.catalina.startup.VersionLoggerListener.log Command line argument:             --add-opens=java.rmi/sun.rmi.transport=ALL-UNNAMED
24-Sep-2021 10:48:54.233 INFO [main] org.apache.catalina.startup.VersionLoggerListener.log Command line argument:             -Djava.util.logging.config.file=D:\Documents\MATERIALES\Material Virtual\MinTic\EasyParking-Mintic\apache-tomcat-10.0.11\apache-tomcat-10.0.11\conf\logging.properties
24-Sep-2021 10:48:54.235 INFO [main] org.apache.catalina.startup.VersionLoggerListener.log Command line argument:             -Djava.util.logging.manager=org.apache.juli.ClassLoaderLogManager
24-Sep-2021 10:48:54.236 INFO [main] org.apache.catalina.startup.VersionLoggerListener.log Command line argument:             -Dhttp.nonProxyHosts=localhost|127.0.0.1|CRISTIAN-PC
24-Sep-2021 10:48:54.236 INFO [main] org.apache.catalina.startup.VersionLoggerListener.log Command line argument:             -Djdk.tls.ephemeralDHKeySize=2048
24-Sep-2021 10:48:54.236 INFO [main] org.apache.catalina.startup.VersionLoggerListener.log Command line argument:             -Djava.protocol.handler.pkgs=org.apache.catalina.webresources
24-Sep-2021 10:48:54.236 INFO [main] org.apache.catalina.startup.VersionLoggerListener.log Command line argument:             -Dignore.endorsed.dirs=
24-Sep-2021 10:48:54.236 INFO [main] org.apache.catalina.startup.VersionLoggerListener.log Command line argument:             -Dcatalina.base=D:\Documents\MATERIALES\Material Virtual\MinTic\EasyParking-Mintic\apache-tomcat-10.0.11\apache-tomcat-10.0.11
24-Sep-2021 10:48:54.237 INFO [main] org.apache.catalina.startup.VersionLoggerListener.log Command line argument:             -Dcatalina.home=D:\Documents\MATERIALES\Material Virtual\MinTic\EasyParking-Mintic\apache-tomcat-10.0.11\apache-tomcat-10.0.11
24-Sep-2021 10:48:54.300 INFO [main] org.apache.catalina.startup.VersionLoggerListener.log Command line argument:             -Djava.io.tmpdir=D:\Documents\MATERIALES\Material Virtual\MinTic\EasyParking-Mintic\apache-tomcat-10.0.11\apache-tomcat-10.0.11\temp
24-Sep-2021 10:48:54.309 INFO [main] org.apache.catalina.core.AprLifecycleListener.lifecycleEvent La biblioteca nativa de Apache Tomcat basada en ARP que permite un rendimiento óptimo en entornos de desarrollo no ha sido hallada en java.library.path: [C:\Program Files\Java\jdk-11.0.11\bin;C:\WINDOWS\Sun\Java\bin;C:\WINDOWS\system32;C:\WINDOWS;C:\Program Files (x86)\Common Files\Oracle\Java\javapath;C:\Program Files\Common Files\Oracle\Java\javapath;C:\ProgramData\Oracle\Java\javapath;C:\Oracle\dbhomeXE\bin;C:\WINDOWS\system32;C:\WINDOWS;C:\WINDOWS\System32\Wbem;C:\WINDOWS\System32\WindowsPowerShell\v1.0\;C:\WINDOWS\System32\OpenSSH\;C:\Program Files\MongoDB\Server\5.0\bin;C:\Program Files\nodejs\;C:\Program Files\Sqlite;C:\Program Files\Git\cmd;C:\Program Files\MySQL\MySQL Shell 8.0\bin\;C:\Users\Crist\AppData\Local\Programs\Python\Python39\Scripts\;C:\Users\Crist\AppData\Local\Programs\Python\Python39\;C:\Users\Crist\AppData\Local\Microsoft\WindowsApps;;C:\Users\Crist\AppData\Local\Programs\Microsoft VS Code\bin;C:\Program Files\JetBrains\PyCharm Community Edition 2021.2.1\bin;;C:\Program Files\JetBrains\IntelliJ IDEA Community Edition 2021.1.2\bin;;C:\Users\Crist\AppData\Roaming\npm;.]
24-Sep-2021 10:48:55.415 INFO [main] org.apache.coyote.AbstractProtocol.init Inicializando el manejador de protocolo ["http-nio-8080"]

24-Sep-2021 10:48:55.656 INFO [main] org.apache.catalina.startup.Catalina.load Server initialization in [2108] milliseconds
24-Sep-2021 10:48:55.854 INFO [main] org.apache.catalina.core.StandardService.startInternal Arrancando servicio [Catalina]
24-Sep-2021 10:48:55.855 INFO [main] org.apache.catalina.core.StandardEngine.startInternal Starting Servlet engine: [Apache Tomcat/10.0.11]
24-Sep-2021 10:48:55.872 INFO [main] org.apache.catalina.startup.HostConfig.deployDirectory Desplegando el directorio [D:\Documents\MATERIALES\Material Virtual\MinTic\EasyParking-Mintic\apache-tomcat-10.0.11\apache-tomcat-10.0.11\webapps\docs] de la aplicación web
24-Sep-2021 10:48:56.659 WARNING [main] org.apache.catalina.util.SessionIdGeneratorBase.createSecureRandom Creation of SecureRandom instance for session ID generation using [SHA1PRNG] took [244] milliseconds.
24-Sep-2021 10:48:56.697 INFO [main] org.apache.catalina.startup.HostConfig.deployDirectory Deployment of web application directory [D:\Documents\MATERIALES\Material Virtual\MinTic\EasyParking-Mintic\apache-tomcat-10.0.11\apache-tomcat-10.0.11\webapps\docs] has finished in [825] ms
24-Sep-2021 10:48:56.697 INFO [main] org.apache.catalina.startup.HostConfig.deployDirectory Desplegando el directorio [D:\Documents\MATERIALES\Material Virtual\MinTic\EasyParking-Mintic\apache-tomcat-10.0.11\apache-tomcat-10.0.11\webapps\examples] de la aplicación web
24-Sep-2021 10:48:57.583 INFO [main] org.apache.catalina.startup.HostConfig.deployDirectory Deployment of web application directory [D:\Documents\MATERIALES\Material Virtual\MinTic\EasyParking-Mintic\apache-tomcat-10.0.11\apache-tomcat-10.0.11\webapps\examples] has finished in [885] ms
24-Sep-2021 10:48:57.583 INFO [main] org.apache.catalina.startup.HostConfig.deployDirectory Desplegando el directorio [D:\Documents\MATERIALES\Material Virtual\MinTic\EasyParking-Mintic\apache-tomcat-10.0.11\apache-tomcat-10.0.11\webapps\host-manager] de la aplicación web
24-Sep-2021 10:48:57.779 INFO [main] org.apache.catalina.startup.HostConfig.deployDirectory Deployment of web application directory [D:\Documents\MATERIALES\Material Virtual\MinTic\EasyParking-Mintic\apache-tomcat-10.0.11\apache-tomcat-10.0.11\webapps\host-manager] has finished in [195] ms
24-Sep-2021 10:48:57.779 INFO [main] org.apache.catalina.startup.HostConfig.deployDirectory Desplegando el directorio [D:\Documents\MATERIALES\Material Virtual\MinTic\EasyParking-Mintic\apache-tomcat-10.0.11\apache-tomcat-10.0.11\webapps\manager] de la aplicación web
24-Sep-2021 10:48:57.883 INFO [main] org.apache.catalina.startup.HostConfig.deployDirectory Deployment of web application directory [D:\Documents\MATERIALES\Material Virtual\MinTic\EasyParking-Mintic\apache-tomcat-10.0.11\apache-tomcat-10.0.11\webapps\manager] has finished in [103] ms
24-Sep-2021 10:48:57.883 INFO [main] org.apache.catalina.startup.HostConfig.deployDirectory Desplegando el directorio [D:\Documents\MATERIALES\Material Virtual\MinTic\EasyParking-Mintic\apache-tomcat-10.0.11\apache-tomcat-10.0.11\webapps\ROOT] de la aplicación web
24-Sep-2021 10:48:57.959 INFO [main] org.apache.catalina.startup.HostConfig.deployDirectory Deployment of web application directory [D:\Documents\MATERIALES\Material Virtual\MinTic\EasyParking-Mintic\apache-tomcat-10.0.11\apache-tomcat-10.0.11\webapps\ROOT] has finished in [76] ms
24-Sep-2021 10:48:57.965 INFO [main] org.apache.coyote.AbstractProtocol.start Starting ProtocolHandler ["http-nio-8080"]
24-Sep-2021 10:48:58.377 INFO [main] org.apache.catalina.startup.Catalina.start Server startup in [2720] milliseconds
24-Sep-2021 10:51:23.796 INFO [main] org.apache.catalina.core.StandardServer.await Se ha recibido un comando de apagado a través del puerto de apagado. Parando la instancia del Servidor.
24-Sep-2021 10:51:23.797 INFO [main] org.apache.coyote.AbstractProtocol.pause Pausing ProtocolHandler ["http-nio-8080"]
24-Sep-2021 10:51:24.016 INFO [main] org.apache.catalina.core.StandardService.stopInternal Parando servicio [Catalina]
24-Sep-2021 10:51:24.051 INFO [main] org.apache.coyote.AbstractProtocol.stop Stopping ProtocolHandler ["http-nio-8080"]
24-Sep-2021 10:51:24.064 INFO [main] org.apache.coyote.AbstractProtocol.destroy Destroying ProtocolHandler ["http-nio-8080"]
24-Sep-2021 10:51:28.361 INFO [main] org.apache.catalina.startup.VersionLoggerListener.log Nombre de la versión del servidor: Apache Tomcat/10.0.11
24-Sep-2021 10:51:28.366 INFO [main] org.apache.catalina.startup.VersionLoggerListener.log Server built:                      Sep 6 2021 16:22:12 UTC
24-Sep-2021 10:51:28.367 INFO [main] org.apache.catalina.startup.VersionLoggerListener.log Número de versión de servidor:     10.0.11.0
24-Sep-2021 10:51:28.367 INFO [main] org.apache.catalina.startup.VersionLoggerListener.log OS Name:                           Windows 10
24-Sep-2021 10:51:28.367 INFO [main] org.apache.catalina.startup.VersionLoggerListener.log Versión de Systema Operativo:      10.0
24-Sep-2021 10:51:28.367 INFO [main] org.apache.catalina.startup.VersionLoggerListener.log Arquitectura:                      amd64
24-Sep-2021 10:51:28.367 INFO [main] org.apache.catalina.startup.VersionLoggerListener.log Java Home:                         C:\Program Files\Java\jdk-11.0.11
24-Sep-2021 10:51:28.367 INFO [main] org.apache.catalina.startup.VersionLoggerListener.log JVM Version:                       11.0.11+9-LTS-194
24-Sep-2021 10:51:28.367 INFO [main] org.apache.catalina.startup.VersionLoggerListener.log Vededor JVM:                       Oracle Corporation
24-Sep-2021 10:51:28.367 INFO [main] org.apache.catalina.startup.VersionLoggerListener.log CATALINA_BASE:                     D:\Documents\MATERIALES\Material Virtual\MinTic\EasyParking-Mintic\apache-tomcat-10.0.11\apache-tomcat-10.0.11
24-Sep-2021 10:51:28.368 INFO [main] org.apache.catalina.startup.VersionLoggerListener.log CATALINA_HOME:                     D:\Documents\MATERIALES\Material Virtual\MinTic\EasyParking-Mintic\apache-tomcat-10.0.11\apache-tomcat-10.0.11
24-Sep-2021 10:51:28.391 INFO [main] org.apache.catalina.startup.VersionLoggerListener.log Command line argument:             --add-opens=java.base/java.lang=ALL-UNNAMED
24-Sep-2021 10:51:28.392 INFO [main] org.apache.catalina.startup.VersionLoggerListener.log Command line argument:             --add-opens=java.base/java.io=ALL-UNNAMED
24-Sep-2021 10:51:28.392 INFO [main] org.apache.catalina.startup.VersionLoggerListener.log Command line argument:             --add-opens=java.base/java.util=ALL-UNNAMED
24-Sep-2021 10:51:28.392 INFO [main] org.apache.catalina.startup.VersionLoggerListener.log Command line argument:             --add-opens=java.base/java.util.concurrent=ALL-UNNAMED
24-Sep-2021 10:51:28.392 INFO [main] org.apache.catalina.startup.VersionLoggerListener.log Command line argument:             --add-opens=java.rmi/sun.rmi.transport=ALL-UNNAMED
24-Sep-2021 10:51:28.392 INFO [main] org.apache.catalina.startup.VersionLoggerListener.log Command line argument:             -Djava.util.logging.config.file=D:\Documents\MATERIALES\Material Virtual\MinTic\EasyParking-Mintic\apache-tomcat-10.0.11\apache-tomcat-10.0.11\conf\logging.properties
24-Sep-2021 10:51:28.392 INFO [main] org.apache.catalina.startup.VersionLoggerListener.log Command line argument:             -Djava.util.logging.manager=org.apache.juli.ClassLoaderLogManager
24-Sep-2021 10:51:28.392 INFO [main] org.apache.catalina.startup.VersionLoggerListener.log Command line argument:             -Dhttp.nonProxyHosts=localhost|127.0.0.1|CRISTIAN-PC
24-Sep-2021 10:51:28.393 INFO [main] org.apache.catalina.startup.VersionLoggerListener.log Command line argument:             -Djdk.tls.ephemeralDHKeySize=2048
24-Sep-2021 10:51:28.393 INFO [main] org.apache.catalina.startup.VersionLoggerListener.log Command line argument:             -Djava.protocol.handler.pkgs=org.apache.catalina.webresources
24-Sep-2021 10:51:28.393 INFO [main] org.apache.catalina.startup.VersionLoggerListener.log Command line argument:             -Dignore.endorsed.dirs=
24-Sep-2021 10:51:28.393 INFO [main] org.apache.catalina.startup.VersionLoggerListener.log Command line argument:             -Dcatalina.base=D:\Documents\MATERIALES\Material Virtual\MinTic\EasyParking-Mintic\apache-tomcat-10.0.11\apache-tomcat-10.0.11
24-Sep-2021 10:51:28.394 INFO [main] org.apache.catalina.startup.VersionLoggerListener.log Command line argument:             -Dcatalina.home=D:\Documents\MATERIALES\Material Virtual\MinTic\EasyParking-Mintic\apache-tomcat-10.0.11\apache-tomcat-10.0.11
24-Sep-2021 10:51:28.451 INFO [main] org.apache.catalina.startup.VersionLoggerListener.log Command line argument:             -Djava.io.tmpdir=D:\Documents\MATERIALES\Material Virtual\MinTic\EasyParking-Mintic\apache-tomcat-10.0.11\apache-tomcat-10.0.11\temp
24-Sep-2021 10:51:28.461 INFO [main] org.apache.catalina.core.AprLifecycleListener.lifecycleEvent La biblioteca nativa de Apache Tomcat basada en ARP que permite un rendimiento óptimo en entornos de desarrollo no ha sido hallada en java.library.path: [C:\Program Files\Java\jdk-11.0.11\bin;C:\WINDOWS\Sun\Java\bin;C:\WINDOWS\system32;C:\WINDOWS;C:\Program Files (x86)\Common Files\Oracle\Java\javapath;C:\Program Files\Common Files\Oracle\Java\javapath;C:\ProgramData\Oracle\Java\javapath;C:\Oracle\dbhomeXE\bin;C:\WINDOWS\system32;C:\WINDOWS;C:\WINDOWS\System32\Wbem;C:\WINDOWS\System32\WindowsPowerShell\v1.0\;C:\WINDOWS\System32\OpenSSH\;C:\Program Files\MongoDB\Server\5.0\bin;C:\Program Files\nodejs\;C:\Program Files\Sqlite;C:\Program Files\Git\cmd;C:\Program Files\MySQL\MySQL Shell 8.0\bin\;C:\Users\Crist\AppData\Local\Programs\Python\Python39\Scripts\;C:\Users\Crist\AppData\Local\Programs\Python\Python39\;C:\Users\Crist\AppData\Local\Microsoft\WindowsApps;;C:\Users\Crist\AppData\Local\Programs\Microsoft VS Code\bin;C:\Program Files\JetBrains\PyCharm Community Edition 2021.2.1\bin;;C:\Program Files\JetBrains\IntelliJ IDEA Community Edition 2021.1.2\bin;;C:\Users\Crist\AppData\Roaming\npm;.]
24-Sep-2021 10:51:29.070 INFO [main] org.apache.coyote.AbstractProtocol.init Inicializando el manejador de protocolo ["http-nio-8080"]

24-Sep-2021 10:51:29.123 INFO [main] org.apache.catalina.startup.Catalina.load Server initialization in [1163] milliseconds
24-Sep-2021 10:51:29.254 INFO [main] org.apache.catalina.core.StandardService.startInternal Arrancando servicio [Catalina]
24-Sep-2021 10:51:29.255 INFO [main] org.apache.catalina.core.StandardEngine.startInternal Starting Servlet engine: [Apache Tomcat/10.0.11]
24-Sep-2021 10:51:29.270 INFO [main] org.apache.catalina.startup.HostConfig.deployDirectory Desplegando el directorio [D:\Documents\MATERIALES\Material Virtual\MinTic\EasyParking-Mintic\apache-tomcat-10.0.11\apache-tomcat-10.0.11\webapps\docs] de la aplicación web
24-Sep-2021 10:51:30.186 WARNING [main] org.apache.catalina.util.SessionIdGeneratorBase.createSecureRandom Creation of SecureRandom instance for session ID generation using [SHA1PRNG] took [334] milliseconds.
24-Sep-2021 10:51:30.239 INFO [main] org.apache.catalina.startup.HostConfig.deployDirectory Deployment of web application directory [D:\Documents\MATERIALES\Material Virtual\MinTic\EasyParking-Mintic\apache-tomcat-10.0.11\apache-tomcat-10.0.11\webapps\docs] has finished in [969] ms
24-Sep-2021 10:51:30.239 INFO [main] org.apache.catalina.startup.HostConfig.deployDirectory Desplegando el directorio [D:\Documents\MATERIALES\Material Virtual\MinTic\EasyParking-Mintic\apache-tomcat-10.0.11\apache-tomcat-10.0.11\webapps\examples] de la aplicación web
24-Sep-2021 10:51:30.914 INFO [main] org.apache.catalina.startup.HostConfig.deployDirectory Deployment of web application directory [D:\Documents\MATERIALES\Material Virtual\MinTic\EasyParking-Mintic\apache-tomcat-10.0.11\apache-tomcat-10.0.11\webapps\examples] has finished in [674] ms
24-Sep-2021 10:51:30.914 INFO [main] org.apache.catalina.startup.HostConfig.deployDirectory Desplegando el directorio [D:\Documents\MATERIALES\Material Virtual\MinTic\EasyParking-Mintic\apache-tomcat-10.0.11\apache-tomcat-10.0.11\webapps\host-manager] de la aplicación web
24-Sep-2021 10:51:30.982 INFO [main] org.apache.catalina.startup.HostConfig.deployDirectory Deployment of web application directory [D:\Documents\MATERIALES\Material Virtual\MinTic\EasyParking-Mintic\apache-tomcat-10.0.11\apache-tomcat-10.0.11\webapps\host-manager] has finished in [67] ms
24-Sep-2021 10:51:30.982 INFO [main] org.apache.catalina.startup.HostConfig.deployDirectory Desplegando el directorio [D:\Documents\MATERIALES\Material Virtual\MinTic\EasyParking-Mintic\apache-tomcat-10.0.11\apache-tomcat-10.0.11\webapps\manager] de la aplicación web
24-Sep-2021 10:51:31.094 INFO [main] org.apache.catalina.startup.HostConfig.deployDirectory Deployment of web application directory [D:\Documents\MATERIALES\Material Virtual\MinTic\EasyParking-Mintic\apache-tomcat-10.0.11\apache-tomcat-10.0.11\webapps\manager] has finished in [112] ms
24-Sep-2021 10:51:31.095 INFO [main] org.apache.catalina.startup.HostConfig.deployDirectory Desplegando el directorio [D:\Documents\MATERIALES\Material Virtual\MinTic\EasyParking-Mintic\apache-tomcat-10.0.11\apache-tomcat-10.0.11\webapps\ROOT] de la aplicación web
24-Sep-2021 10:51:31.146 INFO [main] org.apache.catalina.startup.HostConfig.deployDirectory Deployment of web application directory [D:\Documents\MATERIALES\Material Virtual\MinTic\EasyParking-Mintic\apache-tomcat-10.0.11\apache-tomcat-10.0.11\webapps\ROOT] has finished in [51] ms
24-Sep-2021 10:51:31.152 INFO [main] org.apache.coyote.AbstractProtocol.start Starting ProtocolHandler ["http-nio-8080"]
24-Sep-2021 10:51:31.442 INFO [main] org.apache.catalina.startup.Catalina.start Server startup in [2318] milliseconds
24-Sep-2021 10:52:10.108 INFO [main] org.apache.catalina.core.StandardServer.await Se ha recibido un comando de apagado a través del puerto de apagado. Parando la instancia del Servidor.
24-Sep-2021 10:52:10.109 INFO [main] org.apache.coyote.AbstractProtocol.pause Pausing ProtocolHandler ["http-nio-8080"]
24-Sep-2021 10:52:10.341 INFO [main] org.apache.catalina.core.StandardService.stopInternal Parando servicio [Catalina]
24-Sep-2021 10:52:10.383 INFO [main] org.apache.coyote.AbstractProtocol.stop Stopping ProtocolHandler ["http-nio-8080"]
24-Sep-2021 10:52:10.395 INFO [main] org.apache.coyote.AbstractProtocol.destroy Destroying ProtocolHandler ["http-nio-8080"]
24-Sep-2021 10:52:21.356 INFO [main] org.apache.catalina.startup.VersionLoggerListener.log Nombre de la versión del servidor: Apache Tomcat/10.0.11
24-Sep-2021 10:52:21.364 INFO [main] org.apache.catalina.startup.VersionLoggerListener.log Server built:                      Sep 6 2021 16:22:12 UTC
24-Sep-2021 10:52:21.364 INFO [main] org.apache.catalina.startup.VersionLoggerListener.log Número de versión de servidor:     10.0.11.0
24-Sep-2021 10:52:21.364 INFO [main] org.apache.catalina.startup.VersionLoggerListener.log OS Name:                           Windows 10
24-Sep-2021 10:52:21.364 INFO [main] org.apache.catalina.startup.VersionLoggerListener.log Versión de Systema Operativo:      10.0
24-Sep-2021 10:52:21.364 INFO [main] org.apache.catalina.startup.VersionLoggerListener.log Arquitectura:                      amd64
24-Sep-2021 10:52:21.365 INFO [main] org.apache.catalina.startup.VersionLoggerListener.log Java Home:                         C:\Program Files\Java\jdk-11.0.11
24-Sep-2021 10:52:21.365 INFO [main] org.apache.catalina.startup.VersionLoggerListener.log JVM Version:                       11.0.11+9-LTS-194
24-Sep-2021 10:52:21.365 INFO [main] org.apache.catalina.startup.VersionLoggerListener.log Vededor JVM:                       Oracle Corporation
24-Sep-2021 10:52:21.365 INFO [main] org.apache.catalina.startup.VersionLoggerListener.log CATALINA_BASE:                     D:\Documents\MATERIALES\Material Virtual\MinTic\EasyParking-Mintic\apache-tomcat-10.0.11\apache-tomcat-10.0.11
24-Sep-2021 10:52:21.365 INFO [main] org.apache.catalina.startup.VersionLoggerListener.log CATALINA_HOME:                     D:\Documents\MATERIALES\Material Virtual\MinTic\EasyParking-Mintic\apache-tomcat-10.0.11\apache-tomcat-10.0.11
24-Sep-2021 10:52:21.389 INFO [main] org.apache.catalina.startup.VersionLoggerListener.log Command line argument:             --add-opens=java.base/java.lang=ALL-UNNAMED
24-Sep-2021 10:52:21.389 INFO [main] org.apache.catalina.startup.VersionLoggerListener.log Command line argument:             --add-opens=java.base/java.io=ALL-UNNAMED
24-Sep-2021 10:52:21.390 INFO [main] org.apache.catalina.startup.VersionLoggerListener.log Command line argument:             --add-opens=java.base/java.util=ALL-UNNAMED
24-Sep-2021 10:52:21.390 INFO [main] org.apache.catalina.startup.VersionLoggerListener.log Command line argument:             --add-opens=java.base/java.util.concurrent=ALL-UNNAMED
24-Sep-2021 10:52:21.390 INFO [main] org.apache.catalina.startup.VersionLoggerListener.log Command line argument:             --add-opens=java.rmi/sun.rmi.transport=ALL-UNNAMED
24-Sep-2021 10:52:21.390 INFO [main] org.apache.catalina.startup.VersionLoggerListener.log Command line argument:             -Djava.util.logging.config.file=D:\Documents\MATERIALES\Material Virtual\MinTic\EasyParking-Mintic\apache-tomcat-10.0.11\apache-tomcat-10.0.11\conf\logging.properties
24-Sep-2021 10:52:21.392 INFO [main] org.apache.catalina.startup.VersionLoggerListener.log Command line argument:             -Djava.util.logging.manager=org.apache.juli.ClassLoaderLogManager
24-Sep-2021 10:52:21.392 INFO [main] org.apache.catalina.startup.VersionLoggerListener.log Command line argument:             -Dhttp.nonProxyHosts=localhost|127.0.0.1|CRISTIAN-PC
24-Sep-2021 10:52:21.392 INFO [main] org.apache.catalina.startup.VersionLoggerListener.log Command line argument:             -Djdk.tls.ephemeralDHKeySize=2048
24-Sep-2021 10:52:21.392 INFO [main] org.apache.catalina.startup.VersionLoggerListener.log Command line argument:             -Djava.protocol.handler.pkgs=org.apache.catalina.webresources
24-Sep-2021 10:52:21.392 INFO [main] org.apache.catalina.startup.VersionLoggerListener.log Command line argument:             -Dignore.endorsed.dirs=
24-Sep-2021 10:52:21.393 INFO [main] org.apache.catalina.startup.VersionLoggerListener.log Command line argument:             -Dcatalina.base=D:\Documents\MATERIALES\Material Virtual\MinTic\EasyParking-Mintic\apache-tomcat-10.0.11\apache-tomcat-10.0.11
24-Sep-2021 10:52:21.393 INFO [main] org.apache.catalina.startup.VersionLoggerListener.log Command line argument:             -Dcatalina.home=D:\Documents\MATERIALES\Material Virtual\MinTic\EasyParking-Mintic\apache-tomcat-10.0.11\apache-tomcat-10.0.11
24-Sep-2021 10:52:21.434 INFO [main] org.apache.catalina.startup.VersionLoggerListener.log Command line argument:             -Djava.io.tmpdir=D:\Documents\MATERIALES\Material Virtual\MinTic\EasyParking-Mintic\apache-tomcat-10.0.11\apache-tomcat-10.0.11\temp
24-Sep-2021 10:52:21.444 INFO [main] org.apache.catalina.core.AprLifecycleListener.lifecycleEvent La biblioteca nativa de Apache Tomcat basada en ARP que permite un rendimiento óptimo en entornos de desarrollo no ha sido hallada en java.library.path: [C:\Program Files\Java\jdk-11.0.11\bin;C:\WINDOWS\Sun\Java\bin;C:\WINDOWS\system32;C:\WINDOWS;C:\Program Files (x86)\Common Files\Oracle\Java\javapath;C:\Program Files\Common Files\Oracle\Java\javapath;C:\ProgramData\Oracle\Java\javapath;C:\Oracle\dbhomeXE\bin;C:\WINDOWS\system32;C:\WINDOWS;C:\WINDOWS\System32\Wbem;C:\WINDOWS\System32\WindowsPowerShell\v1.0\;C:\WINDOWS\System32\OpenSSH\;C:\Program Files\MongoDB\Server\5.0\bin;C:\Program Files\nodejs\;C:\Program Files\Sqlite;C:\Program Files\Git\cmd;C:\Program Files\MySQL\MySQL Shell 8.0\bin\;C:\Users\Crist\AppData\Local\Programs\Python\Python39\Scripts\;C:\Users\Crist\AppData\Local\Programs\Python\Python39\;C:\Users\Crist\AppData\Local\Microsoft\WindowsApps;;C:\Users\Crist\AppData\Local\Programs\Microsoft VS Code\bin;C:\Program Files\JetBrains\PyCharm Community Edition 2021.2.1\bin;;C:\Program Files\JetBrains\IntelliJ IDEA Community Edition 2021.1.2\bin;;C:\Users\Crist\AppData\Roaming\npm;.]
24-Sep-2021 10:52:21.992 INFO [main] org.apache.coyote.AbstractProtocol.init Inicializando el manejador de protocolo ["http-nio-8080"]

24-Sep-2021 10:52:22.067 INFO [main] org.apache.catalina.startup.Catalina.load Server initialization in [1083] milliseconds
24-Sep-2021 10:52:22.218 INFO [main] org.apache.catalina.core.StandardService.startInternal Arrancando servicio [Catalina]
24-Sep-2021 10:52:22.218 INFO [main] org.apache.catalina.core.StandardEngine.startInternal Starting Servlet engine: [Apache Tomcat/10.0.11]
24-Sep-2021 10:52:22.232 INFO [main] org.apache.catalina.startup.HostConfig.deployDirectory Desplegando el directorio [D:\Documents\MATERIALES\Material Virtual\MinTic\EasyParking-Mintic\apache-tomcat-10.0.11\apache-tomcat-10.0.11\webapps\docs] de la aplicación web
24-Sep-2021 10:52:22.916 WARNING [main] org.apache.catalina.util.SessionIdGeneratorBase.createSecureRandom Creation of SecureRandom instance for session ID generation using [SHA1PRNG] took [243] milliseconds.
24-Sep-2021 10:52:22.952 INFO [main] org.apache.catalina.startup.HostConfig.deployDirectory Deployment of web application directory [D:\Documents\MATERIALES\Material Virtual\MinTic\EasyParking-Mintic\apache-tomcat-10.0.11\apache-tomcat-10.0.11\webapps\docs] has finished in [720] ms
24-Sep-2021 10:52:22.952 INFO [main] org.apache.catalina.startup.HostConfig.deployDirectory Desplegando el directorio [D:\Documents\MATERIALES\Material Virtual\MinTic\EasyParking-Mintic\apache-tomcat-10.0.11\apache-tomcat-10.0.11\webapps\examples] de la aplicación web
24-Sep-2021 10:52:23.616 INFO [main] org.apache.catalina.startup.HostConfig.deployDirectory Deployment of web application directory [D:\Documents\MATERIALES\Material Virtual\MinTic\EasyParking-Mintic\apache-tomcat-10.0.11\apache-tomcat-10.0.11\webapps\examples] has finished in [664] ms
24-Sep-2021 10:52:23.616 INFO [main] org.apache.catalina.startup.HostConfig.deployDirectory Desplegando el directorio [D:\Documents\MATERIALES\Material Virtual\MinTic\EasyParking-Mintic\apache-tomcat-10.0.11\apache-tomcat-10.0.11\webapps\host-manager] de la aplicación web
24-Sep-2021 10:52:23.687 INFO [main] org.apache.catalina.startup.HostConfig.deployDirectory Deployment of web application directory [D:\Documents\MATERIALES\Material Virtual\MinTic\EasyParking-Mintic\apache-tomcat-10.0.11\apache-tomcat-10.0.11\webapps\host-manager] has finished in [71] ms
24-Sep-2021 10:52:23.688 INFO [main] org.apache.catalina.startup.HostConfig.deployDirectory Desplegando el directorio [D:\Documents\MATERIALES\Material Virtual\MinTic\EasyParking-Mintic\apache-tomcat-10.0.11\apache-tomcat-10.0.11\webapps\manager] de la aplicación web
24-Sep-2021 10:52:23.737 INFO [main] org.apache.catalina.startup.HostConfig.deployDirectory Deployment of web application directory [D:\Documents\MATERIALES\Material Virtual\MinTic\EasyParking-Mintic\apache-tomcat-10.0.11\apache-tomcat-10.0.11\webapps\manager] has finished in [49] ms
24-Sep-2021 10:52:23.737 INFO [main] org.apache.catalina.startup.HostConfig.deployDirectory Desplegando el directorio [D:\Documents\MATERIALES\Material Virtual\MinTic\EasyParking-Mintic\apache-tomcat-10.0.11\apache-tomcat-10.0.11\webapps\ROOT] de la aplicación web
24-Sep-2021 10:52:23.780 INFO [main] org.apache.catalina.startup.HostConfig.deployDirectory Deployment of web application directory [D:\Documents\MATERIALES\Material Virtual\MinTic\EasyParking-Mintic\apache-tomcat-10.0.11\apache-tomcat-10.0.11\webapps\ROOT] has finished in [43] ms
24-Sep-2021 10:52:23.785 INFO [main] org.apache.coyote.AbstractProtocol.start Starting ProtocolHandler ["http-nio-8080"]
24-Sep-2021 10:52:24.052 INFO [main] org.apache.catalina.startup.Catalina.start Server startup in [1984] milliseconds
24-Sep-2021 23:27:06.910 INFO [main] org.apache.catalina.core.StandardServer.await Se ha recibido un comando de apagado a través del puerto de apagado. Parando la instancia del Servidor.
24-Sep-2021 23:27:06.913 INFO [main] org.apache.coyote.AbstractProtocol.pause Pausing ProtocolHandler ["http-nio-8080"]
24-Sep-2021 23:27:07.156 INFO [main] org.apache.catalina.core.StandardService.stopInternal Parando servicio [Catalina]
24-Sep-2021 23:27:07.270 INFO [main] org.apache.coyote.AbstractProtocol.stop Stopping ProtocolHandler ["http-nio-8080"]
24-Sep-2021 23:27:07.314 INFO [main] org.apache.coyote.AbstractProtocol.destroy Destroying ProtocolHandler ["http-nio-8080"]
